

Started GET "/" for 127.0.0.1 at 2014-05-24 11:58:38 +0530
Connecting to database specified by database.yml

ActionController::RoutingError (No route matches [GET] "/"):
  actionpack (3.2.17) lib/action_dispatch/middleware/debug_exceptions.rb:21:in `call'
  actionpack (3.2.17) lib/action_dispatch/middleware/show_exceptions.rb:56:in `call'
  railties (3.2.17) lib/rails/rack/logger.rb:32:in `call_app'
  railties (3.2.17) lib/rails/rack/logger.rb:16:in `block in call'
  activesupport (3.2.17) lib/active_support/tagged_logging.rb:22:in `tagged'
  railties (3.2.17) lib/rails/rack/logger.rb:16:in `call'
  actionpack (3.2.17) lib/action_dispatch/middleware/request_id.rb:22:in `call'
  rack (1.4.5) lib/rack/methodoverride.rb:21:in `call'
  rack (1.4.5) lib/rack/runtime.rb:17:in `call'
  activesupport (3.2.17) lib/active_support/cache/strategy/local_cache.rb:72:in `call'
  rack (1.4.5) lib/rack/lock.rb:15:in `call'
  actionpack (3.2.17) lib/action_dispatch/middleware/static.rb:63:in `call'
  railties (3.2.17) lib/rails/engine.rb:484:in `call'
  railties (3.2.17) lib/rails/application.rb:231:in `call'
  rack (1.4.5) lib/rack/content_length.rb:14:in `call'
  railties (3.2.17) lib/rails/rack/log_tailer.rb:17:in `call'
  rack (1.4.5) lib/rack/handler/webrick.rb:59:in `service'
  /home/hemanth/.rvm/rubies/ruby-2.0.0-p195/lib/ruby/2.0.0/webrick/httpserver.rb:138:in `service'
  /home/hemanth/.rvm/rubies/ruby-2.0.0-p195/lib/ruby/2.0.0/webrick/httpserver.rb:94:in `run'
  /home/hemanth/.rvm/rubies/ruby-2.0.0-p195/lib/ruby/2.0.0/webrick/server.rb:295:in `block in start_thread'


  Rendered /home/hemanth/.rvm/gems/ruby-2.0.0-p195/gems/actionpack-3.2.17/lib/action_dispatch/middleware/templates/rescues/routing_error.erb within rescues/layout (1.0ms)


Started GET "/" for 127.0.0.1 at 2014-05-24 11:59:37 +0530

ActionController::RoutingError (uninitialized constant WelcomeController):
  activesupport (3.2.17) lib/active_support/inflector/methods.rb:230:in `block in constantize'
  activesupport (3.2.17) lib/active_support/inflector/methods.rb:229:in `each'
  activesupport (3.2.17) lib/active_support/inflector/methods.rb:229:in `constantize'
  actionpack (3.2.17) lib/action_dispatch/routing/route_set.rb:69:in `controller_reference'
  actionpack (3.2.17) lib/action_dispatch/routing/route_set.rb:54:in `controller'
  actionpack (3.2.17) lib/action_dispatch/routing/route_set.rb:32:in `call'
  journey (1.0.4) lib/journey/router.rb:68:in `block in call'
  journey (1.0.4) lib/journey/router.rb:56:in `each'
  journey (1.0.4) lib/journey/router.rb:56:in `call'
  actionpack (3.2.17) lib/action_dispatch/routing/route_set.rb:608:in `call'
  actionpack (3.2.17) lib/action_dispatch/middleware/best_standards_support.rb:17:in `call'
  rack (1.4.5) lib/rack/etag.rb:23:in `call'
  rack (1.4.5) lib/rack/conditionalget.rb:25:in `call'
  actionpack (3.2.17) lib/action_dispatch/middleware/head.rb:14:in `call'
  actionpack (3.2.17) lib/action_dispatch/middleware/params_parser.rb:21:in `call'
  actionpack (3.2.17) lib/action_dispatch/middleware/flash.rb:242:in `call'
  rack (1.4.5) lib/rack/session/abstract/id.rb:210:in `context'
  rack (1.4.5) lib/rack/session/abstract/id.rb:205:in `call'
  actionpack (3.2.17) lib/action_dispatch/middleware/cookies.rb:341:in `call'
  activerecord (3.2.17) lib/active_record/query_cache.rb:64:in `call'
  activerecord (3.2.17) lib/active_record/connection_adapters/abstract/connection_pool.rb:479:in `call'
  actionpack (3.2.17) lib/action_dispatch/middleware/callbacks.rb:28:in `block in call'
  activesupport (3.2.17) lib/active_support/callbacks.rb:405:in `_run__2174019400080130829__call__935026463596982736__callbacks'
  activesupport (3.2.17) lib/active_support/callbacks.rb:405:in `__run_callback'
  activesupport (3.2.17) lib/active_support/callbacks.rb:385:in `_run_call_callbacks'
  activesupport (3.2.17) lib/active_support/callbacks.rb:81:in `run_callbacks'
  actionpack (3.2.17) lib/action_dispatch/middleware/callbacks.rb:27:in `call'
  actionpack (3.2.17) lib/action_dispatch/middleware/reloader.rb:65:in `call'
  actionpack (3.2.17) lib/action_dispatch/middleware/remote_ip.rb:31:in `call'
  actionpack (3.2.17) lib/action_dispatch/middleware/debug_exceptions.rb:16:in `call'
  actionpack (3.2.17) lib/action_dispatch/middleware/show_exceptions.rb:56:in `call'
  railties (3.2.17) lib/rails/rack/logger.rb:32:in `call_app'
  railties (3.2.17) lib/rails/rack/logger.rb:16:in `block in call'
  activesupport (3.2.17) lib/active_support/tagged_logging.rb:22:in `tagged'
  railties (3.2.17) lib/rails/rack/logger.rb:16:in `call'
  actionpack (3.2.17) lib/action_dispatch/middleware/request_id.rb:22:in `call'
  rack (1.4.5) lib/rack/methodoverride.rb:21:in `call'
  rack (1.4.5) lib/rack/runtime.rb:17:in `call'
  activesupport (3.2.17) lib/active_support/cache/strategy/local_cache.rb:72:in `call'
  rack (1.4.5) lib/rack/lock.rb:15:in `call'
  actionpack (3.2.17) lib/action_dispatch/middleware/static.rb:63:in `call'
  railties (3.2.17) lib/rails/engine.rb:484:in `call'
  railties (3.2.17) lib/rails/application.rb:231:in `call'
  rack (1.4.5) lib/rack/content_length.rb:14:in `call'
  railties (3.2.17) lib/rails/rack/log_tailer.rb:17:in `call'
  rack (1.4.5) lib/rack/handler/webrick.rb:59:in `service'
  /home/hemanth/.rvm/rubies/ruby-2.0.0-p195/lib/ruby/2.0.0/webrick/httpserver.rb:138:in `service'
  /home/hemanth/.rvm/rubies/ruby-2.0.0-p195/lib/ruby/2.0.0/webrick/httpserver.rb:94:in `run'
  /home/hemanth/.rvm/rubies/ruby-2.0.0-p195/lib/ruby/2.0.0/webrick/server.rb:295:in `block in start_thread'


  Rendered /home/hemanth/.rvm/gems/ruby-2.0.0-p195/gems/actionpack-3.2.17/lib/action_dispatch/middleware/templates/rescues/routing_error.erb within rescues/layout (0.6ms)


Started GET "/" for 127.0.0.1 at 2014-05-24 11:59:38 +0530

ActionController::RoutingError (uninitialized constant WelcomeController):
  activesupport (3.2.17) lib/active_support/inflector/methods.rb:230:in `block in constantize'
  activesupport (3.2.17) lib/active_support/inflector/methods.rb:229:in `each'
  activesupport (3.2.17) lib/active_support/inflector/methods.rb:229:in `constantize'
  actionpack (3.2.17) lib/action_dispatch/routing/route_set.rb:69:in `controller_reference'
  actionpack (3.2.17) lib/action_dispatch/routing/route_set.rb:54:in `controller'
  actionpack (3.2.17) lib/action_dispatch/routing/route_set.rb:32:in `call'
  journey (1.0.4) lib/journey/router.rb:68:in `block in call'
  journey (1.0.4) lib/journey/router.rb:56:in `each'
  journey (1.0.4) lib/journey/router.rb:56:in `call'
  actionpack (3.2.17) lib/action_dispatch/routing/route_set.rb:608:in `call'
  actionpack (3.2.17) lib/action_dispatch/middleware/best_standards_support.rb:17:in `call'
  rack (1.4.5) lib/rack/etag.rb:23:in `call'
  rack (1.4.5) lib/rack/conditionalget.rb:25:in `call'
  actionpack (3.2.17) lib/action_dispatch/middleware/head.rb:14:in `call'
  actionpack (3.2.17) lib/action_dispatch/middleware/params_parser.rb:21:in `call'
  actionpack (3.2.17) lib/action_dispatch/middleware/flash.rb:242:in `call'
  rack (1.4.5) lib/rack/session/abstract/id.rb:210:in `context'
  rack (1.4.5) lib/rack/session/abstract/id.rb:205:in `call'
  actionpack (3.2.17) lib/action_dispatch/middleware/cookies.rb:341:in `call'
  activerecord (3.2.17) lib/active_record/query_cache.rb:64:in `call'
  activerecord (3.2.17) lib/active_record/connection_adapters/abstract/connection_pool.rb:479:in `call'
  actionpack (3.2.17) lib/action_dispatch/middleware/callbacks.rb:28:in `block in call'
  activesupport (3.2.17) lib/active_support/callbacks.rb:405:in `_run__2174019400080130829__call__935026463596982736__callbacks'
  activesupport (3.2.17) lib/active_support/callbacks.rb:405:in `__run_callback'
  activesupport (3.2.17) lib/active_support/callbacks.rb:385:in `_run_call_callbacks'
  activesupport (3.2.17) lib/active_support/callbacks.rb:81:in `run_callbacks'
  actionpack (3.2.17) lib/action_dispatch/middleware/callbacks.rb:27:in `call'
  actionpack (3.2.17) lib/action_dispatch/middleware/reloader.rb:65:in `call'
  actionpack (3.2.17) lib/action_dispatch/middleware/remote_ip.rb:31:in `call'
  actionpack (3.2.17) lib/action_dispatch/middleware/debug_exceptions.rb:16:in `call'
  actionpack (3.2.17) lib/action_dispatch/middleware/show_exceptions.rb:56:in `call'
  railties (3.2.17) lib/rails/rack/logger.rb:32:in `call_app'
  railties (3.2.17) lib/rails/rack/logger.rb:16:in `block in call'
  activesupport (3.2.17) lib/active_support/tagged_logging.rb:22:in `tagged'
  railties (3.2.17) lib/rails/rack/logger.rb:16:in `call'
  actionpack (3.2.17) lib/action_dispatch/middleware/request_id.rb:22:in `call'
  rack (1.4.5) lib/rack/methodoverride.rb:21:in `call'
  rack (1.4.5) lib/rack/runtime.rb:17:in `call'
  activesupport (3.2.17) lib/active_support/cache/strategy/local_cache.rb:72:in `call'
  rack (1.4.5) lib/rack/lock.rb:15:in `call'
  actionpack (3.2.17) lib/action_dispatch/middleware/static.rb:63:in `call'
  railties (3.2.17) lib/rails/engine.rb:484:in `call'
  railties (3.2.17) lib/rails/application.rb:231:in `call'
  rack (1.4.5) lib/rack/content_length.rb:14:in `call'
  railties (3.2.17) lib/rails/rack/log_tailer.rb:17:in `call'
  rack (1.4.5) lib/rack/handler/webrick.rb:59:in `service'
  /home/hemanth/.rvm/rubies/ruby-2.0.0-p195/lib/ruby/2.0.0/webrick/httpserver.rb:138:in `service'
  /home/hemanth/.rvm/rubies/ruby-2.0.0-p195/lib/ruby/2.0.0/webrick/httpserver.rb:94:in `run'
  /home/hemanth/.rvm/rubies/ruby-2.0.0-p195/lib/ruby/2.0.0/webrick/server.rb:295:in `block in start_thread'


  Rendered /home/hemanth/.rvm/gems/ruby-2.0.0-p195/gems/actionpack-3.2.17/lib/action_dispatch/middleware/templates/rescues/routing_error.erb within rescues/layout (0.6ms)


Started GET "/" for 127.0.0.1 at 2014-05-24 11:59:39 +0530

ActionController::RoutingError (uninitialized constant WelcomeController):
  activesupport (3.2.17) lib/active_support/inflector/methods.rb:230:in `block in constantize'
  activesupport (3.2.17) lib/active_support/inflector/methods.rb:229:in `each'
  activesupport (3.2.17) lib/active_support/inflector/methods.rb:229:in `constantize'
  actionpack (3.2.17) lib/action_dispatch/routing/route_set.rb:69:in `controller_reference'
  actionpack (3.2.17) lib/action_dispatch/routing/route_set.rb:54:in `controller'
  actionpack (3.2.17) lib/action_dispatch/routing/route_set.rb:32:in `call'
  journey (1.0.4) lib/journey/router.rb:68:in `block in call'
  journey (1.0.4) lib/journey/router.rb:56:in `each'
  journey (1.0.4) lib/journey/router.rb:56:in `call'
  actionpack (3.2.17) lib/action_dispatch/routing/route_set.rb:608:in `call'
  actionpack (3.2.17) lib/action_dispatch/middleware/best_standards_support.rb:17:in `call'
  rack (1.4.5) lib/rack/etag.rb:23:in `call'
  rack (1.4.5) lib/rack/conditionalget.rb:25:in `call'
  actionpack (3.2.17) lib/action_dispatch/middleware/head.rb:14:in `call'
  actionpack (3.2.17) lib/action_dispatch/middleware/params_parser.rb:21:in `call'
  actionpack (3.2.17) lib/action_dispatch/middleware/flash.rb:242:in `call'
  rack (1.4.5) lib/rack/session/abstract/id.rb:210:in `context'
  rack (1.4.5) lib/rack/session/abstract/id.rb:205:in `call'
  actionpack (3.2.17) lib/action_dispatch/middleware/cookies.rb:341:in `call'
  activerecord (3.2.17) lib/active_record/query_cache.rb:64:in `call'
  activerecord (3.2.17) lib/active_record/connection_adapters/abstract/connection_pool.rb:479:in `call'
  actionpack (3.2.17) lib/action_dispatch/middleware/callbacks.rb:28:in `block in call'
  activesupport (3.2.17) lib/active_support/callbacks.rb:405:in `_run__2174019400080130829__call__935026463596982736__callbacks'
  activesupport (3.2.17) lib/active_support/callbacks.rb:405:in `__run_callback'
  activesupport (3.2.17) lib/active_support/callbacks.rb:385:in `_run_call_callbacks'
  activesupport (3.2.17) lib/active_support/callbacks.rb:81:in `run_callbacks'
  actionpack (3.2.17) lib/action_dispatch/middleware/callbacks.rb:27:in `call'
  actionpack (3.2.17) lib/action_dispatch/middleware/reloader.rb:65:in `call'
  actionpack (3.2.17) lib/action_dispatch/middleware/remote_ip.rb:31:in `call'
  actionpack (3.2.17) lib/action_dispatch/middleware/debug_exceptions.rb:16:in `call'
  actionpack (3.2.17) lib/action_dispatch/middleware/show_exceptions.rb:56:in `call'
  railties (3.2.17) lib/rails/rack/logger.rb:32:in `call_app'
  railties (3.2.17) lib/rails/rack/logger.rb:16:in `block in call'
  activesupport (3.2.17) lib/active_support/tagged_logging.rb:22:in `tagged'
  railties (3.2.17) lib/rails/rack/logger.rb:16:in `call'
  actionpack (3.2.17) lib/action_dispatch/middleware/request_id.rb:22:in `call'
  rack (1.4.5) lib/rack/methodoverride.rb:21:in `call'
  rack (1.4.5) lib/rack/runtime.rb:17:in `call'
  activesupport (3.2.17) lib/active_support/cache/strategy/local_cache.rb:72:in `call'
  rack (1.4.5) lib/rack/lock.rb:15:in `call'
  actionpack (3.2.17) lib/action_dispatch/middleware/static.rb:63:in `call'
  railties (3.2.17) lib/rails/engine.rb:484:in `call'
  railties (3.2.17) lib/rails/application.rb:231:in `call'
  rack (1.4.5) lib/rack/content_length.rb:14:in `call'
  railties (3.2.17) lib/rails/rack/log_tailer.rb:17:in `call'
  rack (1.4.5) lib/rack/handler/webrick.rb:59:in `service'
  /home/hemanth/.rvm/rubies/ruby-2.0.0-p195/lib/ruby/2.0.0/webrick/httpserver.rb:138:in `service'
  /home/hemanth/.rvm/rubies/ruby-2.0.0-p195/lib/ruby/2.0.0/webrick/httpserver.rb:94:in `run'
  /home/hemanth/.rvm/rubies/ruby-2.0.0-p195/lib/ruby/2.0.0/webrick/server.rb:295:in `block in start_thread'


  Rendered /home/hemanth/.rvm/gems/ruby-2.0.0-p195/gems/actionpack-3.2.17/lib/action_dispatch/middleware/templates/rescues/routing_error.erb within rescues/layout (0.7ms)


Started GET "/" for 127.0.0.1 at 2014-05-24 11:59:39 +0530

ActionController::RoutingError (uninitialized constant WelcomeController):
  activesupport (3.2.17) lib/active_support/inflector/methods.rb:230:in `block in constantize'
  activesupport (3.2.17) lib/active_support/inflector/methods.rb:229:in `each'
  activesupport (3.2.17) lib/active_support/inflector/methods.rb:229:in `constantize'
  actionpack (3.2.17) lib/action_dispatch/routing/route_set.rb:69:in `controller_reference'
  actionpack (3.2.17) lib/action_dispatch/routing/route_set.rb:54:in `controller'
  actionpack (3.2.17) lib/action_dispatch/routing/route_set.rb:32:in `call'
  journey (1.0.4) lib/journey/router.rb:68:in `block in call'
  journey (1.0.4) lib/journey/router.rb:56:in `each'
  journey (1.0.4) lib/journey/router.rb:56:in `call'
  actionpack (3.2.17) lib/action_dispatch/routing/route_set.rb:608:in `call'
  actionpack (3.2.17) lib/action_dispatch/middleware/best_standards_support.rb:17:in `call'
  rack (1.4.5) lib/rack/etag.rb:23:in `call'
  rack (1.4.5) lib/rack/conditionalget.rb:25:in `call'
  actionpack (3.2.17) lib/action_dispatch/middleware/head.rb:14:in `call'
  actionpack (3.2.17) lib/action_dispatch/middleware/params_parser.rb:21:in `call'
  actionpack (3.2.17) lib/action_dispatch/middleware/flash.rb:242:in `call'
  rack (1.4.5) lib/rack/session/abstract/id.rb:210:in `context'
  rack (1.4.5) lib/rack/session/abstract/id.rb:205:in `call'
  actionpack (3.2.17) lib/action_dispatch/middleware/cookies.rb:341:in `call'
  activerecord (3.2.17) lib/active_record/query_cache.rb:64:in `call'
  activerecord (3.2.17) lib/active_record/connection_adapters/abstract/connection_pool.rb:479:in `call'
  actionpack (3.2.17) lib/action_dispatch/middleware/callbacks.rb:28:in `block in call'
  activesupport (3.2.17) lib/active_support/callbacks.rb:405:in `_run__2174019400080130829__call__935026463596982736__callbacks'
  activesupport (3.2.17) lib/active_support/callbacks.rb:405:in `__run_callback'
  activesupport (3.2.17) lib/active_support/callbacks.rb:385:in `_run_call_callbacks'
  activesupport (3.2.17) lib/active_support/callbacks.rb:81:in `run_callbacks'
  actionpack (3.2.17) lib/action_dispatch/middleware/callbacks.rb:27:in `call'
  actionpack (3.2.17) lib/action_dispatch/middleware/reloader.rb:65:in `call'
  actionpack (3.2.17) lib/action_dispatch/middleware/remote_ip.rb:31:in `call'
  actionpack (3.2.17) lib/action_dispatch/middleware/debug_exceptions.rb:16:in `call'
  actionpack (3.2.17) lib/action_dispatch/middleware/show_exceptions.rb:56:in `call'
  railties (3.2.17) lib/rails/rack/logger.rb:32:in `call_app'
  railties (3.2.17) lib/rails/rack/logger.rb:16:in `block in call'
  activesupport (3.2.17) lib/active_support/tagged_logging.rb:22:in `tagged'
  railties (3.2.17) lib/rails/rack/logger.rb:16:in `call'
  actionpack (3.2.17) lib/action_dispatch/middleware/request_id.rb:22:in `call'
  rack (1.4.5) lib/rack/methodoverride.rb:21:in `call'
  rack (1.4.5) lib/rack/runtime.rb:17:in `call'
  activesupport (3.2.17) lib/active_support/cache/strategy/local_cache.rb:72:in `call'
  rack (1.4.5) lib/rack/lock.rb:15:in `call'
  actionpack (3.2.17) lib/action_dispatch/middleware/static.rb:63:in `call'
  railties (3.2.17) lib/rails/engine.rb:484:in `call'
  railties (3.2.17) lib/rails/application.rb:231:in `call'
  rack (1.4.5) lib/rack/content_length.rb:14:in `call'
  railties (3.2.17) lib/rails/rack/log_tailer.rb:17:in `call'
  rack (1.4.5) lib/rack/handler/webrick.rb:59:in `service'
  /home/hemanth/.rvm/rubies/ruby-2.0.0-p195/lib/ruby/2.0.0/webrick/httpserver.rb:138:in `service'
  /home/hemanth/.rvm/rubies/ruby-2.0.0-p195/lib/ruby/2.0.0/webrick/httpserver.rb:94:in `run'
  /home/hemanth/.rvm/rubies/ruby-2.0.0-p195/lib/ruby/2.0.0/webrick/server.rb:295:in `block in start_thread'


  Rendered /home/hemanth/.rvm/gems/ruby-2.0.0-p195/gems/actionpack-3.2.17/lib/action_dispatch/middleware/templates/rescues/routing_error.erb within rescues/layout (0.6ms)


Started GET "/" for 127.0.0.1 at 2014-05-24 12:00:35 +0530
Processing by WelcomeController#index as HTML
  Rendered welcome/index.html.erb within layouts/application (0.3ms)
Warning. Error encountered while saving cache /home/hemanth/apps/webcetera/script_upload/tmp/cache/sass/d9140283850c12f527d74b8300d8a480ae987c39/welcome.css.scssc: can't dump anonymous class #<Class:0x0000000297ff70>

Compiled welcome.css  (3ms)  (pid 11553)
Compiled application.css  (6ms)  (pid 11553)
Compiled jquery.js  (25ms)  (pid 11553)
Compiled jquery_ujs.js  (0ms)  (pid 11553)
Compiled welcome.js  (110ms)  (pid 11553)
Compiled application.js  (146ms)  (pid 11553)
Completed 200 OK in 190.5ms (Views: 190.1ms | ActiveRecord: 0.0ms)


Started GET "/assets/application.css?body=1" for 127.0.0.1 at 2014-05-24 12:00:35 +0530
Served asset /application.css - 304 Not Modified (7ms)


Started GET "/assets/welcome.css?body=1" for 127.0.0.1 at 2014-05-24 12:00:35 +0530
Served asset /welcome.css - 304 Not Modified (1ms)


Started GET "/assets/application.js?body=1" for 127.0.0.1 at 2014-05-24 12:00:35 +0530
Served asset /application.js - 304 Not Modified (6ms)


Started GET "/assets/jquery.js?body=1" for 127.0.0.1 at 2014-05-24 12:00:35 +0530
Served asset /jquery.js - 304 Not Modified (2ms)


Started GET "/assets/jquery_ujs.js?body=1" for 127.0.0.1 at 2014-05-24 12:00:35 +0530
Served asset /jquery_ujs.js - 304 Not Modified (1ms)


Started GET "/assets/welcome.js?body=1" for 127.0.0.1 at 2014-05-24 12:00:35 +0530
Served asset /welcome.js - 304 Not Modified (1ms)


Started GET "/" for 127.0.0.1 at 2014-05-24 12:00:55 +0530
Processing by WelcomeController#index as HTML
  Rendered welcome/index.html.erb within layouts/application (0.4ms)
Completed 200 OK in 4.8ms (Views: 4.6ms | ActiveRecord: 0.0ms)


Started GET "/assets/application.css?body=1" for 127.0.0.1 at 2014-05-24 12:00:55 +0530
Served asset /application.css - 304 Not Modified (0ms)


Started GET "/assets/welcome.css?body=1" for 127.0.0.1 at 2014-05-24 12:00:55 +0530
Served asset /welcome.css - 304 Not Modified (0ms)


Started GET "/assets/welcome.js?body=1" for 127.0.0.1 at 2014-05-24 12:00:55 +0530
Served asset /welcome.js - 304 Not Modified (0ms)


Started GET "/assets/jquery.js?body=1" for 127.0.0.1 at 2014-05-24 12:00:55 +0530
Served asset /jquery.js - 304 Not Modified (0ms)


Started GET "/assets/application.js?body=1" for 127.0.0.1 at 2014-05-24 12:00:55 +0530
Served asset /application.js - 304 Not Modified (1ms)


Started GET "/assets/jquery_ujs.js?body=1" for 127.0.0.1 at 2014-05-24 12:00:55 +0530
Served asset /jquery_ujs.js - 304 Not Modified (0ms)


Started GET "/" for 127.0.0.1 at 2014-05-24 12:01:34 +0530
Processing by WelcomeController#index as HTML
  Rendered welcome/index.html.erb within layouts/application (16.4ms)
Completed 500 Internal Server Error in 17.9ms

ActionView::Template::Error (undefined local variable or method `create_ticket_path' for #<#<Class:0x007fbc40cc5778>:0x007fbc40b06a18>):
    1: <h1>Script Upload Engine</h1>
    2: 
    3: <% form_tag(create_ticket_path, :method=>'post', :multipart => true) do %>
    4:  <p>
    5:    Subject:<br />
    6:    <%= text_field_tag "subject" %>
  app/views/welcome/index.html.erb:3:in `_app_views_welcome_index_html_erb__655481094851418415_70223257938900'


  Rendered /home/hemanth/.rvm/gems/ruby-2.0.0-p195/gems/actionpack-3.2.17/lib/action_dispatch/middleware/templates/rescues/_trace.erb (1.2ms)
  Rendered /home/hemanth/.rvm/gems/ruby-2.0.0-p195/gems/actionpack-3.2.17/lib/action_dispatch/middleware/templates/rescues/_request_and_response.erb (1.1ms)
  Rendered /home/hemanth/.rvm/gems/ruby-2.0.0-p195/gems/actionpack-3.2.17/lib/action_dispatch/middleware/templates/rescues/template_error.erb within rescues/layout (34.3ms)


Started GET "/" for 127.0.0.1 at 2014-05-24 12:01:44 +0530
Processing by WelcomeController#index as HTML
  Rendered welcome/index.html.erb within layouts/application (1.5ms)
Completed 200 OK in 5.8ms (Views: 5.5ms | ActiveRecord: 0.0ms)


Started GET "/assets/application.css?body=1" for 127.0.0.1 at 2014-05-24 12:01:44 +0530
Served asset /application.css - 304 Not Modified (4ms)


Started GET "/assets/welcome.css?body=1" for 127.0.0.1 at 2014-05-24 12:01:44 +0530
Served asset /welcome.css - 304 Not Modified (0ms)


Started GET "/assets/welcome.js?body=1" for 127.0.0.1 at 2014-05-24 12:01:44 +0530
Served asset /welcome.js - 304 Not Modified (0ms)


Started GET "/assets/jquery.js?body=1" for 127.0.0.1 at 2014-05-24 12:01:44 +0530
Served asset /jquery.js - 304 Not Modified (0ms)


Started GET "/assets/jquery_ujs.js?body=1" for 127.0.0.1 at 2014-05-24 12:01:44 +0530
Served asset /jquery_ujs.js - 304 Not Modified (0ms)


Started GET "/assets/application.js?body=1" for 127.0.0.1 at 2014-05-24 12:01:44 +0530
Served asset /application.js - 304 Not Modified (1ms)


Started GET "/" for 127.0.0.1 at 2014-05-24 12:01:50 +0530
Processing by WelcomeController#index as HTML
  Rendered welcome/index.html.erb within layouts/application (1.0ms)
Completed 200 OK in 5.7ms (Views: 5.5ms | ActiveRecord: 0.0ms)


Started GET "/assets/application.css?body=1" for 127.0.0.1 at 2014-05-24 12:01:50 +0530
Served asset /application.css - 304 Not Modified (6ms)


Started GET "/assets/welcome.css?body=1" for 127.0.0.1 at 2014-05-24 12:01:50 +0530
Served asset /welcome.css - 304 Not Modified (0ms)


Started GET "/assets/application.js?body=1" for 127.0.0.1 at 2014-05-24 12:01:50 +0530
Served asset /application.js - 304 Not Modified (1ms)


Started GET "/assets/jquery.js?body=1" for 127.0.0.1 at 2014-05-24 12:01:50 +0530
Served asset /jquery.js - 304 Not Modified (0ms)


Started GET "/assets/welcome.js?body=1" for 127.0.0.1 at 2014-05-24 12:01:50 +0530
Served asset /welcome.js - 304 Not Modified (0ms)


Started GET "/assets/jquery_ujs.js?body=1" for 127.0.0.1 at 2014-05-24 12:01:50 +0530
Served asset /jquery_ujs.js - 304 Not Modified (0ms)


Started GET "/" for 127.0.0.1 at 2014-05-24 12:02:23 +0530
Processing by WelcomeController#index as HTML
  Rendered welcome/index.html.erb within layouts/application (2.1ms)
Completed 200 OK in 6.8ms (Views: 6.6ms | ActiveRecord: 0.0ms)


Started GET "/assets/jquery.js?body=1" for 127.0.0.1 at 2014-05-24 12:02:24 +0530
Served asset /jquery.js - 304 Not Modified (5ms)


Started GET "/assets/jquery_ujs.js?body=1" for 127.0.0.1 at 2014-05-24 12:02:24 +0530
Served asset /jquery_ujs.js - 304 Not Modified (0ms)


Started GET "/assets/welcome.css?body=1" for 127.0.0.1 at 2014-05-24 12:02:24 +0530
Served asset /welcome.css - 304 Not Modified (0ms)


Started GET "/assets/application.css?body=1" for 127.0.0.1 at 2014-05-24 12:02:24 +0530
Served asset /application.css - 304 Not Modified (0ms)


Started GET "/assets/application.js?body=1" for 127.0.0.1 at 2014-05-24 12:02:24 +0530
Served asset /application.js - 304 Not Modified (0ms)


Started GET "/assets/welcome.js?body=1" for 127.0.0.1 at 2014-05-24 12:02:24 +0530
Served asset /welcome.js - 304 Not Modified (0ms)


Started GET "/" for 127.0.0.1 at 2014-05-24 12:02:38 +0530
Processing by WelcomeController#index as HTML
  Rendered welcome/index.html.erb within layouts/application (1.4ms)
Completed 200 OK in 5.8ms (Views: 5.5ms | ActiveRecord: 0.0ms)


Started GET "/assets/application.css?body=1" for 127.0.0.1 at 2014-05-24 12:02:38 +0530
Served asset /application.css - 304 Not Modified (6ms)


Started GET "/assets/welcome.css?body=1" for 127.0.0.1 at 2014-05-24 12:02:38 +0530
Served asset /welcome.css - 304 Not Modified (0ms)


Started GET "/assets/jquery_ujs.js?body=1" for 127.0.0.1 at 2014-05-24 12:02:38 +0530
Served asset /jquery_ujs.js - 304 Not Modified (2ms)


Started GET "/assets/jquery.js?body=1" for 127.0.0.1 at 2014-05-24 12:02:38 +0530
Served asset /jquery.js - 304 Not Modified (0ms)


Started GET "/assets/welcome.js?body=1" for 127.0.0.1 at 2014-05-24 12:02:38 +0530
Served asset /welcome.js - 304 Not Modified (0ms)


Started GET "/assets/application.js?body=1" for 127.0.0.1 at 2014-05-24 12:02:38 +0530
Served asset /application.js - 304 Not Modified (1ms)


Started GET "/" for 127.0.0.1 at 2014-05-24 12:03:12 +0530
Processing by WelcomeController#index as HTML
ERROR: compiling _app_views_welcome_index_html_erb__655481094851418415_70223259670560 RAISED /home/hemanth/apps/webcetera/script_upload/app/views/welcome/index.html.erb:11: syntax error, unexpected ')', expecting ']'
                 ['Home', '2'], '1')) );@output_buffer.safe_concat('
                                    ^
/home/hemanth/apps/webcetera/script_upload/app/views/welcome/index.html.erb:24: syntax error, unexpected keyword_end, expecting ')'
'); end ;@output_buffer.to_s
       ^
/home/hemanth/apps/webcetera/script_upload/app/views/welcome/index.html.erb:25: syntax error, unexpected keyword_ensure, expecting ')'
/home/hemanth/apps/webcetera/script_upload/app/views/welcome/index.html.erb:27: syntax error, unexpected keyword_end, expecting ')'
Function body:           def _app_views_welcome_index_html_erb__655481094851418415_70223259670560(local_assigns, output_buffer)
            _old_virtual_path, @virtual_path = @virtual_path, "welcome/index";_old_output_buffer = @output_buffer;;@output_buffer = output_buffer || ActionView::OutputBuffer.new;@output_buffer.safe_concat('<h1>Script Upload Engine</h1>

');@output_buffer.append=  form_tag("/", :method=>'post', :multipart => true) do @output_buffer.safe_concat('
');@output_buffer.safe_concat(' <p>
   Subject:<br />
   ');@output_buffer.append= ( text_field_tag "Script" );@output_buffer.safe_concat('
');@output_buffer.safe_concat(' </p>
 <p>
   Priority: <br />
   ');@output_buffer.append= ( select_tag("LOB", options_for_select([['Auto', '1'],
                 ['Home', '2'], '1')) );@output_buffer.safe_concat('
');@output_buffer.safe_concat(' </p>
 <p>
   Describe your problem:<br />
   ');@output_buffer.append= ( text_area_tag "description", "", :size=>"50x20" );@output_buffer.safe_concat('
');@output_buffer.safe_concat(' </p>
 <p>
   Add an attachment:<br />
   ');@output_buffer.append= ( file_field_tag "attachment" );@output_buffer.safe_concat('
');@output_buffer.safe_concat(' </p>
 <p>
   ');@output_buffer.append= ( submit_tag 'Submit' );@output_buffer.safe_concat('
');@output_buffer.safe_concat(' </p>
'); end ;@output_buffer.to_s
          ensure
            @virtual_path, @output_buffer = _old_virtual_path, _old_output_buffer
          end

Backtrace: /home/hemanth/.rvm/gems/ruby-2.0.0-p195/gems/actionpack-3.2.17/lib/action_view/template.rb:297:in `module_eval'
/home/hemanth/.rvm/gems/ruby-2.0.0-p195/gems/actionpack-3.2.17/lib/action_view/template.rb:297:in `compile'
/home/hemanth/.rvm/gems/ruby-2.0.0-p195/gems/actionpack-3.2.17/lib/action_view/template.rb:244:in `block in compile!'
/home/hemanth/.rvm/gems/ruby-2.0.0-p195/gems/actionpack-3.2.17/lib/action_view/template.rb:232:in `synchronize'
/home/hemanth/.rvm/gems/ruby-2.0.0-p195/gems/actionpack-3.2.17/lib/action_view/template.rb:232:in `compile!'
/home/hemanth/.rvm/gems/ruby-2.0.0-p195/gems/actionpack-3.2.17/lib/action_view/template.rb:144:in `block in render'
/home/hemanth/.rvm/gems/ruby-2.0.0-p195/gems/activesupport-3.2.17/lib/active_support/notifications.rb:125:in `instrument'
/home/hemanth/.rvm/gems/ruby-2.0.0-p195/gems/actionpack-3.2.17/lib/action_view/template.rb:143:in `render'
/home/hemanth/.rvm/gems/ruby-2.0.0-p195/gems/actionpack-3.2.17/lib/action_view/renderer/template_renderer.rb:47:in `block (2 levels) in render_template'
/home/hemanth/.rvm/gems/ruby-2.0.0-p195/gems/actionpack-3.2.17/lib/action_view/renderer/abstract_renderer.rb:38:in `block in instrument'
/home/hemanth/.rvm/gems/ruby-2.0.0-p195/gems/activesupport-3.2.17/lib/active_support/notifications.rb:123:in `block in instrument'
/home/hemanth/.rvm/gems/ruby-2.0.0-p195/gems/activesupport-3.2.17/lib/active_support/notifications/instrumenter.rb:20:in `instrument'
/home/hemanth/.rvm/gems/ruby-2.0.0-p195/gems/activesupport-3.2.17/lib/active_support/notifications.rb:123:in `instrument'
/home/hemanth/.rvm/gems/ruby-2.0.0-p195/gems/actionpack-3.2.17/lib/action_view/renderer/abstract_renderer.rb:38:in `instrument'
/home/hemanth/.rvm/gems/ruby-2.0.0-p195/gems/actionpack-3.2.17/lib/action_view/renderer/template_renderer.rb:46:in `block in render_template'
/home/hemanth/.rvm/gems/ruby-2.0.0-p195/gems/actionpack-3.2.17/lib/action_view/renderer/template_renderer.rb:54:in `render_with_layout'
/home/hemanth/.rvm/gems/ruby-2.0.0-p195/gems/actionpack-3.2.17/lib/action_view/renderer/template_renderer.rb:45:in `render_template'
/home/hemanth/.rvm/gems/ruby-2.0.0-p195/gems/actionpack-3.2.17/lib/action_view/renderer/template_renderer.rb:18:in `render'
/home/hemanth/.rvm/gems/ruby-2.0.0-p195/gems/actionpack-3.2.17/lib/action_view/renderer/renderer.rb:36:in `render_template'
/home/hemanth/.rvm/gems/ruby-2.0.0-p195/gems/actionpack-3.2.17/lib/action_view/renderer/renderer.rb:17:in `render'
/home/hemanth/.rvm/gems/ruby-2.0.0-p195/gems/actionpack-3.2.17/lib/abstract_controller/rendering.rb:110:in `_render_template'
/home/hemanth/.rvm/gems/ruby-2.0.0-p195/gems/actionpack-3.2.17/lib/action_controller/metal/streaming.rb:225:in `_render_template'
/home/hemanth/.rvm/gems/ruby-2.0.0-p195/gems/actionpack-3.2.17/lib/abstract_controller/rendering.rb:103:in `render_to_body'
/home/hemanth/.rvm/gems/ruby-2.0.0-p195/gems/actionpack-3.2.17/lib/action_controller/metal/renderers.rb:28:in `render_to_body'
/home/hemanth/.rvm/gems/ruby-2.0.0-p195/gems/actionpack-3.2.17/lib/action_controller/metal/compatibility.rb:50:in `render_to_body'
/home/hemanth/.rvm/gems/ruby-2.0.0-p195/gems/actionpack-3.2.17/lib/abstract_controller/rendering.rb:88:in `render'
/home/hemanth/.rvm/gems/ruby-2.0.0-p195/gems/actionpack-3.2.17/lib/action_controller/metal/rendering.rb:16:in `render'
/home/hemanth/.rvm/gems/ruby-2.0.0-p195/gems/actionpack-3.2.17/lib/action_controller/metal/instrumentation.rb:40:in `block (2 levels) in render'
/home/hemanth/.rvm/gems/ruby-2.0.0-p195/gems/activesupport-3.2.17/lib/active_support/core_ext/benchmark.rb:5:in `block in ms'
/home/hemanth/.rvm/rubies/ruby-2.0.0-p195/lib/ruby/2.0.0/benchmark.rb:296:in `realtime'
/home/hemanth/.rvm/gems/ruby-2.0.0-p195/gems/activesupport-3.2.17/lib/active_support/core_ext/benchmark.rb:5:in `ms'
/home/hemanth/.rvm/gems/ruby-2.0.0-p195/gems/actionpack-3.2.17/lib/action_controller/metal/instrumentation.rb:40:in `block in render'
/home/hemanth/.rvm/gems/ruby-2.0.0-p195/gems/actionpack-3.2.17/lib/action_controller/metal/instrumentation.rb:83:in `cleanup_view_runtime'
/home/hemanth/.rvm/gems/ruby-2.0.0-p195/gems/activerecord-3.2.17/lib/active_record/railties/controller_runtime.rb:24:in `cleanup_view_runtime'
/home/hemanth/.rvm/gems/ruby-2.0.0-p195/gems/actionpack-3.2.17/lib/action_controller/metal/instrumentation.rb:39:in `render'
/home/hemanth/.rvm/gems/ruby-2.0.0-p195/gems/actionpack-3.2.17/lib/action_controller/metal/implicit_render.rb:10:in `default_render'
/home/hemanth/.rvm/gems/ruby-2.0.0-p195/gems/actionpack-3.2.17/lib/action_controller/metal/implicit_render.rb:5:in `send_action'
/home/hemanth/.rvm/gems/ruby-2.0.0-p195/gems/actionpack-3.2.17/lib/abstract_controller/base.rb:167:in `process_action'
/home/hemanth/.rvm/gems/ruby-2.0.0-p195/gems/actionpack-3.2.17/lib/action_controller/metal/rendering.rb:10:in `process_action'
/home/hemanth/.rvm/gems/ruby-2.0.0-p195/gems/actionpack-3.2.17/lib/abstract_controller/callbacks.rb:18:in `block in process_action'
/home/hemanth/.rvm/gems/ruby-2.0.0-p195/gems/activesupport-3.2.17/lib/active_support/callbacks.rb:414:in `_run__1103682315579459262__process_action__1849466343926737203__callbacks'
/home/hemanth/.rvm/gems/ruby-2.0.0-p195/gems/activesupport-3.2.17/lib/active_support/callbacks.rb:405:in `__run_callback'
/home/hemanth/.rvm/gems/ruby-2.0.0-p195/gems/activesupport-3.2.17/lib/active_support/callbacks.rb:385:in `_run_process_action_callbacks'
/home/hemanth/.rvm/gems/ruby-2.0.0-p195/gems/activesupport-3.2.17/lib/active_support/callbacks.rb:81:in `run_callbacks'
/home/hemanth/.rvm/gems/ruby-2.0.0-p195/gems/actionpack-3.2.17/lib/abstract_controller/callbacks.rb:17:in `process_action'
/home/hemanth/.rvm/gems/ruby-2.0.0-p195/gems/actionpack-3.2.17/lib/action_controller/metal/rescue.rb:29:in `process_action'
/home/hemanth/.rvm/gems/ruby-2.0.0-p195/gems/actionpack-3.2.17/lib/action_controller/metal/instrumentation.rb:30:in `block in process_action'
/home/hemanth/.rvm/gems/ruby-2.0.0-p195/gems/activesupport-3.2.17/lib/active_support/notifications.rb:123:in `block in instrument'
/home/hemanth/.rvm/gems/ruby-2.0.0-p195/gems/activesupport-3.2.17/lib/active_support/notifications/instrumenter.rb:20:in `instrument'
/home/hemanth/.rvm/gems/ruby-2.0.0-p195/gems/activesupport-3.2.17/lib/active_support/notifications.rb:123:in `instrument'
/home/hemanth/.rvm/gems/ruby-2.0.0-p195/gems/actionpack-3.2.17/lib/action_controller/metal/instrumentation.rb:29:in `process_action'
/home/hemanth/.rvm/gems/ruby-2.0.0-p195/gems/actionpack-3.2.17/lib/action_controller/metal/params_wrapper.rb:207:in `process_action'
/home/hemanth/.rvm/gems/ruby-2.0.0-p195/gems/activerecord-3.2.17/lib/active_record/railties/controller_runtime.rb:18:in `process_action'
/home/hemanth/.rvm/gems/ruby-2.0.0-p195/gems/actionpack-3.2.17/lib/abstract_controller/base.rb:121:in `process'
/home/hemanth/.rvm/gems/ruby-2.0.0-p195/gems/actionpack-3.2.17/lib/abstract_controller/rendering.rb:45:in `process'
/home/hemanth/.rvm/gems/ruby-2.0.0-p195/gems/actionpack-3.2.17/lib/action_controller/metal.rb:203:in `dispatch'
/home/hemanth/.rvm/gems/ruby-2.0.0-p195/gems/actionpack-3.2.17/lib/action_controller/metal/rack_delegation.rb:14:in `dispatch'
/home/hemanth/.rvm/gems/ruby-2.0.0-p195/gems/actionpack-3.2.17/lib/action_controller/metal.rb:246:in `block in action'
/home/hemanth/.rvm/gems/ruby-2.0.0-p195/gems/actionpack-3.2.17/lib/action_dispatch/routing/route_set.rb:73:in `call'
/home/hemanth/.rvm/gems/ruby-2.0.0-p195/gems/actionpack-3.2.17/lib/action_dispatch/routing/route_set.rb:73:in `dispatch'
/home/hemanth/.rvm/gems/ruby-2.0.0-p195/gems/actionpack-3.2.17/lib/action_dispatch/routing/route_set.rb:36:in `call'
/home/hemanth/.rvm/gems/ruby-2.0.0-p195/gems/journey-1.0.4/lib/journey/router.rb:68:in `block in call'
/home/hemanth/.rvm/gems/ruby-2.0.0-p195/gems/journey-1.0.4/lib/journey/router.rb:56:in `each'
/home/hemanth/.rvm/gems/ruby-2.0.0-p195/gems/journey-1.0.4/lib/journey/router.rb:56:in `call'
/home/hemanth/.rvm/gems/ruby-2.0.0-p195/gems/actionpack-3.2.17/lib/action_dispatch/routing/route_set.rb:608:in `call'
/home/hemanth/.rvm/gems/ruby-2.0.0-p195/gems/actionpack-3.2.17/lib/action_dispatch/middleware/best_standards_support.rb:17:in `call'
/home/hemanth/.rvm/gems/ruby-2.0.0-p195/gems/rack-1.4.5/lib/rack/etag.rb:23:in `call'
/home/hemanth/.rvm/gems/ruby-2.0.0-p195/gems/rack-1.4.5/lib/rack/conditionalget.rb:25:in `call'
/home/hemanth/.rvm/gems/ruby-2.0.0-p195/gems/actionpack-3.2.17/lib/action_dispatch/middleware/head.rb:14:in `call'
/home/hemanth/.rvm/gems/ruby-2.0.0-p195/gems/actionpack-3.2.17/lib/action_dispatch/middleware/params_parser.rb:21:in `call'
/home/hemanth/.rvm/gems/ruby-2.0.0-p195/gems/actionpack-3.2.17/lib/action_dispatch/middleware/flash.rb:242:in `call'
/home/hemanth/.rvm/gems/ruby-2.0.0-p195/gems/rack-1.4.5/lib/rack/session/abstract/id.rb:210:in `context'
/home/hemanth/.rvm/gems/ruby-2.0.0-p195/gems/rack-1.4.5/lib/rack/session/abstract/id.rb:205:in `call'
/home/hemanth/.rvm/gems/ruby-2.0.0-p195/gems/actionpack-3.2.17/lib/action_dispatch/middleware/cookies.rb:341:in `call'
/home/hemanth/.rvm/gems/ruby-2.0.0-p195/gems/activerecord-3.2.17/lib/active_record/query_cache.rb:64:in `call'
/home/hemanth/.rvm/gems/ruby-2.0.0-p195/gems/activerecord-3.2.17/lib/active_record/connection_adapters/abstract/connection_pool.rb:479:in `call'
/home/hemanth/.rvm/gems/ruby-2.0.0-p195/gems/actionpack-3.2.17/lib/action_dispatch/middleware/callbacks.rb:28:in `block in call'
/home/hemanth/.rvm/gems/ruby-2.0.0-p195/gems/activesupport-3.2.17/lib/active_support/callbacks.rb:405:in `_run__2174019400080130829__call__935026463596982736__callbacks'
/home/hemanth/.rvm/gems/ruby-2.0.0-p195/gems/activesupport-3.2.17/lib/active_support/callbacks.rb:405:in `__run_callback'
/home/hemanth/.rvm/gems/ruby-2.0.0-p195/gems/activesupport-3.2.17/lib/active_support/callbacks.rb:385:in `_run_call_callbacks'
/home/hemanth/.rvm/gems/ruby-2.0.0-p195/gems/activesupport-3.2.17/lib/active_support/callbacks.rb:81:in `run_callbacks'
/home/hemanth/.rvm/gems/ruby-2.0.0-p195/gems/actionpack-3.2.17/lib/action_dispatch/middleware/callbacks.rb:27:in `call'
/home/hemanth/.rvm/gems/ruby-2.0.0-p195/gems/actionpack-3.2.17/lib/action_dispatch/middleware/reloader.rb:65:in `call'
/home/hemanth/.rvm/gems/ruby-2.0.0-p195/gems/actionpack-3.2.17/lib/action_dispatch/middleware/remote_ip.rb:31:in `call'
/home/hemanth/.rvm/gems/ruby-2.0.0-p195/gems/actionpack-3.2.17/lib/action_dispatch/middleware/debug_exceptions.rb:16:in `call'
/home/hemanth/.rvm/gems/ruby-2.0.0-p195/gems/actionpack-3.2.17/lib/action_dispatch/middleware/show_exceptions.rb:56:in `call'
/home/hemanth/.rvm/gems/ruby-2.0.0-p195/gems/railties-3.2.17/lib/rails/rack/logger.rb:32:in `call_app'
/home/hemanth/.rvm/gems/ruby-2.0.0-p195/gems/railties-3.2.17/lib/rails/rack/logger.rb:16:in `block in call'
/home/hemanth/.rvm/gems/ruby-2.0.0-p195/gems/activesupport-3.2.17/lib/active_support/tagged_logging.rb:22:in `tagged'
/home/hemanth/.rvm/gems/ruby-2.0.0-p195/gems/railties-3.2.17/lib/rails/rack/logger.rb:16:in `call'
/home/hemanth/.rvm/gems/ruby-2.0.0-p195/gems/actionpack-3.2.17/lib/action_dispatch/middleware/request_id.rb:22:in `call'
/home/hemanth/.rvm/gems/ruby-2.0.0-p195/gems/rack-1.4.5/lib/rack/methodoverride.rb:21:in `call'
/home/hemanth/.rvm/gems/ruby-2.0.0-p195/gems/rack-1.4.5/lib/rack/runtime.rb:17:in `call'
/home/hemanth/.rvm/gems/ruby-2.0.0-p195/gems/activesupport-3.2.17/lib/active_support/cache/strategy/local_cache.rb:72:in `call'
/home/hemanth/.rvm/gems/ruby-2.0.0-p195/gems/rack-1.4.5/lib/rack/lock.rb:15:in `call'
/home/hemanth/.rvm/gems/ruby-2.0.0-p195/gems/actionpack-3.2.17/lib/action_dispatch/middleware/static.rb:63:in `call'
/home/hemanth/.rvm/gems/ruby-2.0.0-p195/gems/railties-3.2.17/lib/rails/engine.rb:484:in `call'
/home/hemanth/.rvm/gems/ruby-2.0.0-p195/gems/railties-3.2.17/lib/rails/application.rb:231:in `call'
/home/hemanth/.rvm/gems/ruby-2.0.0-p195/gems/rack-1.4.5/lib/rack/content_length.rb:14:in `call'
/home/hemanth/.rvm/gems/ruby-2.0.0-p195/gems/railties-3.2.17/lib/rails/rack/log_tailer.rb:17:in `call'
/home/hemanth/.rvm/gems/ruby-2.0.0-p195/gems/rack-1.4.5/lib/rack/handler/webrick.rb:59:in `service'
/home/hemanth/.rvm/rubies/ruby-2.0.0-p195/lib/ruby/2.0.0/webrick/httpserver.rb:138:in `service'
/home/hemanth/.rvm/rubies/ruby-2.0.0-p195/lib/ruby/2.0.0/webrick/httpserver.rb:94:in `run'
/home/hemanth/.rvm/rubies/ruby-2.0.0-p195/lib/ruby/2.0.0/webrick/server.rb:295:in `block in start_thread'
  Rendered welcome/index.html.erb within layouts/application (0.9ms)
Completed 500 Internal Server Error in 2.4ms

ActionView::Template::Error (/home/hemanth/apps/webcetera/script_upload/app/views/welcome/index.html.erb:11: syntax error, unexpected ')', expecting ']'
                 ['Home', '2'], '1')) );@output_buffer.safe_concat('
                                    ^
/home/hemanth/apps/webcetera/script_upload/app/views/welcome/index.html.erb:24: syntax error, unexpected keyword_end, expecting ')'
'); end ;@output_buffer.to_s
       ^
/home/hemanth/apps/webcetera/script_upload/app/views/welcome/index.html.erb:25: syntax error, unexpected keyword_ensure, expecting ')'
/home/hemanth/apps/webcetera/script_upload/app/views/welcome/index.html.erb:27: syntax error, unexpected keyword_end, expecting ')'):
    8:  <p>
    9:    Priority: <br />
    10:    <%= select_tag("LOB", options_for_select([['Auto', '1'],
    11:                  ['Home', '2'], '1')) %>
    12:  </p>
    13:  <p>
    14:    Describe your problem:<br />
  actionpack (3.2.17) lib/action_view/template.rb:297:in `module_eval'
  actionpack (3.2.17) lib/action_view/template.rb:297:in `compile'
  actionpack (3.2.17) lib/action_view/template.rb:244:in `block in compile!'
  actionpack (3.2.17) lib/action_view/template.rb:232:in `synchronize'
  actionpack (3.2.17) lib/action_view/template.rb:232:in `compile!'
  actionpack (3.2.17) lib/action_view/template.rb:144:in `block in render'
  activesupport (3.2.17) lib/active_support/notifications.rb:125:in `instrument'
  actionpack (3.2.17) lib/action_view/template.rb:143:in `render'
  actionpack (3.2.17) lib/action_view/renderer/template_renderer.rb:47:in `block (2 levels) in render_template'
  actionpack (3.2.17) lib/action_view/renderer/abstract_renderer.rb:38:in `block in instrument'
  activesupport (3.2.17) lib/active_support/notifications.rb:123:in `block in instrument'
  activesupport (3.2.17) lib/active_support/notifications/instrumenter.rb:20:in `instrument'
  activesupport (3.2.17) lib/active_support/notifications.rb:123:in `instrument'
  actionpack (3.2.17) lib/action_view/renderer/abstract_renderer.rb:38:in `instrument'
  actionpack (3.2.17) lib/action_view/renderer/template_renderer.rb:46:in `block in render_template'
  actionpack (3.2.17) lib/action_view/renderer/template_renderer.rb:54:in `render_with_layout'
  actionpack (3.2.17) lib/action_view/renderer/template_renderer.rb:45:in `render_template'
  actionpack (3.2.17) lib/action_view/renderer/template_renderer.rb:18:in `render'
  actionpack (3.2.17) lib/action_view/renderer/renderer.rb:36:in `render_template'
  actionpack (3.2.17) lib/action_view/renderer/renderer.rb:17:in `render'
  actionpack (3.2.17) lib/abstract_controller/rendering.rb:110:in `_render_template'
  actionpack (3.2.17) lib/action_controller/metal/streaming.rb:225:in `_render_template'
  actionpack (3.2.17) lib/abstract_controller/rendering.rb:103:in `render_to_body'
  actionpack (3.2.17) lib/action_controller/metal/renderers.rb:28:in `render_to_body'
  actionpack (3.2.17) lib/action_controller/metal/compatibility.rb:50:in `render_to_body'
  actionpack (3.2.17) lib/abstract_controller/rendering.rb:88:in `render'
  actionpack (3.2.17) lib/action_controller/metal/rendering.rb:16:in `render'
  actionpack (3.2.17) lib/action_controller/metal/instrumentation.rb:40:in `block (2 levels) in render'
  activesupport (3.2.17) lib/active_support/core_ext/benchmark.rb:5:in `block in ms'
  /home/hemanth/.rvm/rubies/ruby-2.0.0-p195/lib/ruby/2.0.0/benchmark.rb:296:in `realtime'
  activesupport (3.2.17) lib/active_support/core_ext/benchmark.rb:5:in `ms'
  actionpack (3.2.17) lib/action_controller/metal/instrumentation.rb:40:in `block in render'
  actionpack (3.2.17) lib/action_controller/metal/instrumentation.rb:83:in `cleanup_view_runtime'
  activerecord (3.2.17) lib/active_record/railties/controller_runtime.rb:24:in `cleanup_view_runtime'
  actionpack (3.2.17) lib/action_controller/metal/instrumentation.rb:39:in `render'
  actionpack (3.2.17) lib/action_controller/metal/implicit_render.rb:10:in `default_render'
  actionpack (3.2.17) lib/action_controller/metal/implicit_render.rb:5:in `send_action'
  actionpack (3.2.17) lib/abstract_controller/base.rb:167:in `process_action'
  actionpack (3.2.17) lib/action_controller/metal/rendering.rb:10:in `process_action'
  actionpack (3.2.17) lib/abstract_controller/callbacks.rb:18:in `block in process_action'
  activesupport (3.2.17) lib/active_support/callbacks.rb:414:in `_run__1103682315579459262__process_action__1849466343926737203__callbacks'
  activesupport (3.2.17) lib/active_support/callbacks.rb:405:in `__run_callback'
  activesupport (3.2.17) lib/active_support/callbacks.rb:385:in `_run_process_action_callbacks'
  activesupport (3.2.17) lib/active_support/callbacks.rb:81:in `run_callbacks'
  actionpack (3.2.17) lib/abstract_controller/callbacks.rb:17:in `process_action'
  actionpack (3.2.17) lib/action_controller/metal/rescue.rb:29:in `process_action'
  actionpack (3.2.17) lib/action_controller/metal/instrumentation.rb:30:in `block in process_action'
  activesupport (3.2.17) lib/active_support/notifications.rb:123:in `block in instrument'
  activesupport (3.2.17) lib/active_support/notifications/instrumenter.rb:20:in `instrument'
  activesupport (3.2.17) lib/active_support/notifications.rb:123:in `instrument'
  actionpack (3.2.17) lib/action_controller/metal/instrumentation.rb:29:in `process_action'
  actionpack (3.2.17) lib/action_controller/metal/params_wrapper.rb:207:in `process_action'
  activerecord (3.2.17) lib/active_record/railties/controller_runtime.rb:18:in `process_action'
  actionpack (3.2.17) lib/abstract_controller/base.rb:121:in `process'
  actionpack (3.2.17) lib/abstract_controller/rendering.rb:45:in `process'
  actionpack (3.2.17) lib/action_controller/metal.rb:203:in `dispatch'
  actionpack (3.2.17) lib/action_controller/metal/rack_delegation.rb:14:in `dispatch'
  actionpack (3.2.17) lib/action_controller/metal.rb:246:in `block in action'
  actionpack (3.2.17) lib/action_dispatch/routing/route_set.rb:73:in `call'
  actionpack (3.2.17) lib/action_dispatch/routing/route_set.rb:73:in `dispatch'
  actionpack (3.2.17) lib/action_dispatch/routing/route_set.rb:36:in `call'
  journey (1.0.4) lib/journey/router.rb:68:in `block in call'
  journey (1.0.4) lib/journey/router.rb:56:in `each'
  journey (1.0.4) lib/journey/router.rb:56:in `call'
  actionpack (3.2.17) lib/action_dispatch/routing/route_set.rb:608:in `call'
  actionpack (3.2.17) lib/action_dispatch/middleware/best_standards_support.rb:17:in `call'
  rack (1.4.5) lib/rack/etag.rb:23:in `call'
  rack (1.4.5) lib/rack/conditionalget.rb:25:in `call'
  actionpack (3.2.17) lib/action_dispatch/middleware/head.rb:14:in `call'
  actionpack (3.2.17) lib/action_dispatch/middleware/params_parser.rb:21:in `call'
  actionpack (3.2.17) lib/action_dispatch/middleware/flash.rb:242:in `call'
  rack (1.4.5) lib/rack/session/abstract/id.rb:210:in `context'
  rack (1.4.5) lib/rack/session/abstract/id.rb:205:in `call'
  actionpack (3.2.17) lib/action_dispatch/middleware/cookies.rb:341:in `call'
  activerecord (3.2.17) lib/active_record/query_cache.rb:64:in `call'
  activerecord (3.2.17) lib/active_record/connection_adapters/abstract/connection_pool.rb:479:in `call'
  actionpack (3.2.17) lib/action_dispatch/middleware/callbacks.rb:28:in `block in call'
  activesupport (3.2.17) lib/active_support/callbacks.rb:405:in `_run__2174019400080130829__call__935026463596982736__callbacks'
  activesupport (3.2.17) lib/active_support/callbacks.rb:405:in `__run_callback'
  activesupport (3.2.17) lib/active_support/callbacks.rb:385:in `_run_call_callbacks'
  activesupport (3.2.17) lib/active_support/callbacks.rb:81:in `run_callbacks'
  actionpack (3.2.17) lib/action_dispatch/middleware/callbacks.rb:27:in `call'
  actionpack (3.2.17) lib/action_dispatch/middleware/reloader.rb:65:in `call'
  actionpack (3.2.17) lib/action_dispatch/middleware/remote_ip.rb:31:in `call'
  actionpack (3.2.17) lib/action_dispatch/middleware/debug_exceptions.rb:16:in `call'
  actionpack (3.2.17) lib/action_dispatch/middleware/show_exceptions.rb:56:in `call'
  railties (3.2.17) lib/rails/rack/logger.rb:32:in `call_app'
  railties (3.2.17) lib/rails/rack/logger.rb:16:in `block in call'
  activesupport (3.2.17) lib/active_support/tagged_logging.rb:22:in `tagged'
  railties (3.2.17) lib/rails/rack/logger.rb:16:in `call'
  actionpack (3.2.17) lib/action_dispatch/middleware/request_id.rb:22:in `call'
  rack (1.4.5) lib/rack/methodoverride.rb:21:in `call'
  rack (1.4.5) lib/rack/runtime.rb:17:in `call'
  activesupport (3.2.17) lib/active_support/cache/strategy/local_cache.rb:72:in `call'
  rack (1.4.5) lib/rack/lock.rb:15:in `call'
  actionpack (3.2.17) lib/action_dispatch/middleware/static.rb:63:in `call'
  railties (3.2.17) lib/rails/engine.rb:484:in `call'
  railties (3.2.17) lib/rails/application.rb:231:in `call'
  rack (1.4.5) lib/rack/content_length.rb:14:in `call'
  railties (3.2.17) lib/rails/rack/log_tailer.rb:17:in `call'
  rack (1.4.5) lib/rack/handler/webrick.rb:59:in `service'
  /home/hemanth/.rvm/rubies/ruby-2.0.0-p195/lib/ruby/2.0.0/webrick/httpserver.rb:138:in `service'
  /home/hemanth/.rvm/rubies/ruby-2.0.0-p195/lib/ruby/2.0.0/webrick/httpserver.rb:94:in `run'
  /home/hemanth/.rvm/rubies/ruby-2.0.0-p195/lib/ruby/2.0.0/webrick/server.rb:295:in `block in start_thread'


  Rendered /home/hemanth/.rvm/gems/ruby-2.0.0-p195/gems/actionpack-3.2.17/lib/action_dispatch/middleware/templates/rescues/_trace.erb (1.1ms)
  Rendered /home/hemanth/.rvm/gems/ruby-2.0.0-p195/gems/actionpack-3.2.17/lib/action_dispatch/middleware/templates/rescues/_request_and_response.erb (0.8ms)
  Rendered /home/hemanth/.rvm/gems/ruby-2.0.0-p195/gems/actionpack-3.2.17/lib/action_dispatch/middleware/templates/rescues/template_error.erb within rescues/layout (28.7ms)


Started GET "/" for 127.0.0.1 at 2014-05-24 12:03:20 +0530
Processing by WelcomeController#index as HTML
  Rendered welcome/index.html.erb within layouts/application (1.2ms)
Completed 200 OK in 5.5ms (Views: 5.2ms | ActiveRecord: 0.0ms)


Started GET "/assets/application.css?body=1" for 127.0.0.1 at 2014-05-24 12:03:20 +0530
Served asset /application.css - 304 Not Modified (2ms)


Started GET "/assets/welcome.css?body=1" for 127.0.0.1 at 2014-05-24 12:03:20 +0530
Served asset /welcome.css - 304 Not Modified (0ms)


Started GET "/assets/jquery_ujs.js?body=1" for 127.0.0.1 at 2014-05-24 12:03:20 +0530
Served asset /jquery_ujs.js - 304 Not Modified (0ms)


Started GET "/assets/application.js?body=1" for 127.0.0.1 at 2014-05-24 12:03:20 +0530
Served asset /application.js - 304 Not Modified (1ms)


Started GET "/assets/jquery.js?body=1" for 127.0.0.1 at 2014-05-24 12:03:20 +0530
Served asset /jquery.js - 304 Not Modified (0ms)


Started GET "/assets/welcome.js?body=1" for 127.0.0.1 at 2014-05-24 12:03:20 +0530
Served asset /welcome.js - 304 Not Modified (0ms)


Started GET "/" for 127.0.0.1 at 2014-05-24 12:03:27 +0530
Processing by WelcomeController#index as HTML
  Rendered welcome/index.html.erb within layouts/application (1.6ms)
Completed 200 OK in 6.0ms (Views: 5.8ms | ActiveRecord: 0.0ms)


Started GET "/assets/application.css?body=1" for 127.0.0.1 at 2014-05-24 12:03:27 +0530
Served asset /application.css - 304 Not Modified (3ms)


Started GET "/assets/welcome.js?body=1" for 127.0.0.1 at 2014-05-24 12:03:27 +0530
Served asset /welcome.js - 304 Not Modified (0ms)


Started GET "/assets/welcome.css?body=1" for 127.0.0.1 at 2014-05-24 12:03:27 +0530
Served asset /welcome.css - 304 Not Modified (0ms)


Started GET "/assets/application.js?body=1" for 127.0.0.1 at 2014-05-24 12:03:27 +0530
Served asset /application.js - 304 Not Modified (1ms)


Started GET "/assets/jquery.js?body=1" for 127.0.0.1 at 2014-05-24 12:03:27 +0530
Served asset /jquery.js - 304 Not Modified (0ms)


Started GET "/assets/jquery_ujs.js?body=1" for 127.0.0.1 at 2014-05-24 12:03:27 +0530
Served asset /jquery_ujs.js - 304 Not Modified (0ms)


Started GET "/" for 127.0.0.1 at 2014-05-24 12:03:38 +0530
Processing by WelcomeController#index as HTML
  Rendered welcome/index.html.erb within layouts/application (1.2ms)
Completed 200 OK in 5.6ms (Views: 5.3ms | ActiveRecord: 0.0ms)


Started GET "/assets/application.css?body=1" for 127.0.0.1 at 2014-05-24 12:03:38 +0530
Served asset /application.css - 304 Not Modified (10ms)


Started GET "/assets/welcome.js?body=1" for 127.0.0.1 at 2014-05-24 12:03:38 +0530
Served asset /welcome.js - 304 Not Modified (0ms)


Started GET "/assets/jquery.js?body=1" for 127.0.0.1 at 2014-05-24 12:03:38 +0530
Served asset /jquery.js - 304 Not Modified (0ms)


Started GET "/assets/welcome.css?body=1" for 127.0.0.1 at 2014-05-24 12:03:38 +0530
Served asset /welcome.css - 304 Not Modified (0ms)


Started GET "/assets/application.js?body=1" for 127.0.0.1 at 2014-05-24 12:03:38 +0530
Served asset /application.js - 304 Not Modified (0ms)


Started GET "/assets/jquery_ujs.js?body=1" for 127.0.0.1 at 2014-05-24 12:03:38 +0530
Served asset /jquery_ujs.js - 304 Not Modified (0ms)


Started GET "/" for 127.0.0.1 at 2014-05-24 12:03:40 +0530
Processing by WelcomeController#index as HTML
  Rendered welcome/index.html.erb within layouts/application (0.5ms)
Completed 200 OK in 4.1ms (Views: 3.9ms | ActiveRecord: 0.0ms)


Started GET "/assets/application.css?body=1" for 127.0.0.1 at 2014-05-24 12:03:40 +0530
Served asset /application.css - 304 Not Modified (7ms)


Started GET "/assets/welcome.css?body=1" for 127.0.0.1 at 2014-05-24 12:03:40 +0530
Served asset /welcome.css - 304 Not Modified (0ms)


Started GET "/assets/jquery.js?body=1" for 127.0.0.1 at 2014-05-24 12:03:40 +0530
Served asset /jquery.js - 304 Not Modified (1ms)


Started GET "/assets/jquery_ujs.js?body=1" for 127.0.0.1 at 2014-05-24 12:03:40 +0530
Served asset /jquery_ujs.js - 304 Not Modified (0ms)


Started GET "/assets/welcome.js?body=1" for 127.0.0.1 at 2014-05-24 12:03:40 +0530
Served asset /welcome.js - 304 Not Modified (0ms)


Started GET "/assets/application.js?body=1" for 127.0.0.1 at 2014-05-24 12:03:40 +0530
Served asset /application.js - 304 Not Modified (1ms)


Started GET "/" for 127.0.0.1 at 2014-05-24 12:03:58 +0530
Processing by WelcomeController#index as HTML
  Rendered welcome/index.html.erb within layouts/application (1.3ms)
Completed 200 OK in 5.1ms (Views: 5.0ms | ActiveRecord: 0.0ms)


Started GET "/assets/welcome.css?body=1" for 127.0.0.1 at 2014-05-24 12:03:58 +0530
Served asset /welcome.css - 304 Not Modified (3ms)


Started GET "/assets/application.css?body=1" for 127.0.0.1 at 2014-05-24 12:03:58 +0530
Served asset /application.css - 304 Not Modified (0ms)


Started GET "/assets/jquery.js?body=1" for 127.0.0.1 at 2014-05-24 12:03:58 +0530
Served asset /jquery.js - 304 Not Modified (0ms)


Started GET "/assets/welcome.js?body=1" for 127.0.0.1 at 2014-05-24 12:03:58 +0530
Served asset /welcome.js - 304 Not Modified (0ms)


Started GET "/assets/jquery_ujs.js?body=1" for 127.0.0.1 at 2014-05-24 12:03:58 +0530
Served asset /jquery_ujs.js - 304 Not Modified (25ms)


Started GET "/assets/application.js?body=1" for 127.0.0.1 at 2014-05-24 12:03:58 +0530
Served asset /application.js - 304 Not Modified (1ms)


Started GET "/" for 127.0.0.1 at 2014-05-24 12:04:06 +0530
Processing by WelcomeController#index as HTML
  Rendered welcome/index.html.erb within layouts/application (1.9ms)
Completed 200 OK in 6.8ms (Views: 6.5ms | ActiveRecord: 0.0ms)


Started GET "/assets/application.css?body=1" for 127.0.0.1 at 2014-05-24 12:04:06 +0530
Served asset /application.css - 304 Not Modified (1ms)


Started GET "/assets/welcome.css?body=1" for 127.0.0.1 at 2014-05-24 12:04:06 +0530
Served asset /welcome.css - 304 Not Modified (0ms)


Started GET "/assets/jquery_ujs.js?body=1" for 127.0.0.1 at 2014-05-24 12:04:06 +0530
Served asset /jquery_ujs.js - 304 Not Modified (0ms)


Started GET "/assets/welcome.js?body=1" for 127.0.0.1 at 2014-05-24 12:04:06 +0530
Served asset /welcome.js - 304 Not Modified (0ms)


Started GET "/assets/jquery.js?body=1" for 127.0.0.1 at 2014-05-24 12:04:06 +0530
Served asset /jquery.js - 304 Not Modified (0ms)


Started GET "/assets/application.js?body=1" for 127.0.0.1 at 2014-05-24 12:04:06 +0530
Served asset /application.js - 304 Not Modified (0ms)


Started GET "/" for 127.0.0.1 at 2014-05-24 12:04:17 +0530
Processing by WelcomeController#index as HTML
  Rendered welcome/index.html.erb within layouts/application (1.3ms)
Completed 200 OK in 5.5ms (Views: 5.2ms | ActiveRecord: 0.0ms)


Started GET "/assets/welcome.css?body=1" for 127.0.0.1 at 2014-05-24 12:04:17 +0530
Served asset /welcome.css - 304 Not Modified (0ms)


Started GET "/assets/application.css?body=1" for 127.0.0.1 at 2014-05-24 12:04:17 +0530
Served asset /application.css - 304 Not Modified (0ms)


Started GET "/assets/jquery.js?body=1" for 127.0.0.1 at 2014-05-24 12:04:17 +0530
Served asset /jquery.js - 304 Not Modified (0ms)


Started GET "/assets/welcome.js?body=1" for 127.0.0.1 at 2014-05-24 12:04:17 +0530
Served asset /welcome.js - 304 Not Modified (0ms)


Started GET "/assets/application.js?body=1" for 127.0.0.1 at 2014-05-24 12:04:17 +0530
Served asset /application.js - 304 Not Modified (0ms)


Started GET "/assets/jquery_ujs.js?body=1" for 127.0.0.1 at 2014-05-24 12:04:17 +0530
Served asset /jquery_ujs.js - 304 Not Modified (0ms)


Started GET "/" for 127.0.0.1 at 2014-05-24 12:04:29 +0530
Processing by WelcomeController#index as HTML
  Rendered welcome/index.html.erb within layouts/application (1.9ms)
Completed 200 OK in 6.3ms (Views: 6.1ms | ActiveRecord: 0.0ms)


Started GET "/assets/welcome.css?body=1" for 127.0.0.1 at 2014-05-24 12:04:29 +0530
Served asset /welcome.css - 304 Not Modified (0ms)


Started GET "/assets/application.css?body=1" for 127.0.0.1 at 2014-05-24 12:04:29 +0530
Served asset /application.css - 304 Not Modified (0ms)


Started GET "/assets/welcome.js?body=1" for 127.0.0.1 at 2014-05-24 12:04:29 +0530
Served asset /welcome.js - 304 Not Modified (0ms)


Started GET "/assets/application.js?body=1" for 127.0.0.1 at 2014-05-24 12:04:29 +0530
Served asset /application.js - 304 Not Modified (1ms)


Started GET "/assets/jquery.js?body=1" for 127.0.0.1 at 2014-05-24 12:04:29 +0530
Served asset /jquery.js - 304 Not Modified (0ms)


Started GET "/assets/jquery_ujs.js?body=1" for 127.0.0.1 at 2014-05-24 12:04:29 +0530
Served asset /jquery_ujs.js - 304 Not Modified (0ms)


Started POST "/" for 127.0.0.1 at 2014-05-24 12:04:36 +0530
Processing by WelcomeController#index as HTML
  Parameters: {"utf8"=>"", "authenticity_token"=>"OUFTsvbaJIkqlGnYXVzAQOEBVQCoRNpY3T+UAAgOsiI=", "Script"=>"", "LOB"=>"1", "description"=>"", "commit"=>"Submit"}
  Rendered welcome/index.html.erb within layouts/application (0.5ms)
Completed 200 OK in 3.7ms (Views: 3.6ms | ActiveRecord: 0.0ms)


Started GET "/assets/application.css?body=1" for 127.0.0.1 at 2014-05-24 12:04:36 +0530
Served asset /application.css - 304 Not Modified (4ms)


Started GET "/assets/welcome.css?body=1" for 127.0.0.1 at 2014-05-24 12:04:36 +0530
Served asset /welcome.css - 304 Not Modified (0ms)


Started GET "/assets/welcome.js?body=1" for 127.0.0.1 at 2014-05-24 12:04:36 +0530
Served asset /welcome.js - 304 Not Modified (0ms)


Started GET "/assets/jquery.js?body=1" for 127.0.0.1 at 2014-05-24 12:04:36 +0530
Served asset /jquery.js - 304 Not Modified (1ms)


Started GET "/assets/jquery_ujs.js?body=1" for 127.0.0.1 at 2014-05-24 12:04:36 +0530
Served asset /jquery_ujs.js - 304 Not Modified (0ms)


Started GET "/assets/application.js?body=1" for 127.0.0.1 at 2014-05-24 12:04:36 +0530
Served asset /application.js - 304 Not Modified (1ms)


Started POST "/" for 127.0.0.1 at 2014-05-24 12:04:41 +0530
Processing by WelcomeController#index as HTML
  Parameters: {"utf8"=>"", "authenticity_token"=>"OUFTsvbaJIkqlGnYXVzAQOEBVQCoRNpY3T+UAAgOsiI=", "Script"=>"", "LOB"=>"1", "description"=>"", "commit"=>"Submit"}
  Rendered welcome/index.html.erb within layouts/application (0.6ms)
Completed 200 OK in 4.5ms (Views: 4.3ms | ActiveRecord: 0.0ms)


Started GET "/assets/welcome.css?body=1" for 127.0.0.1 at 2014-05-24 12:04:41 +0530
Served asset /welcome.css - 304 Not Modified (1ms)


Started GET "/assets/jquery_ujs.js?body=1" for 127.0.0.1 at 2014-05-24 12:04:41 +0530
Served asset /jquery_ujs.js - 304 Not Modified (0ms)


Started GET "/assets/jquery.js?body=1" for 127.0.0.1 at 2014-05-24 12:04:41 +0530
Served asset /jquery.js - 304 Not Modified (0ms)


Started GET "/assets/application.js?body=1" for 127.0.0.1 at 2014-05-24 12:04:41 +0530
Served asset /application.js - 304 Not Modified (0ms)


Started GET "/assets/application.css?body=1" for 127.0.0.1 at 2014-05-24 12:04:41 +0530
Served asset /application.css - 304 Not Modified (28ms)


Started GET "/assets/welcome.js?body=1" for 127.0.0.1 at 2014-05-24 12:04:41 +0530
Served asset /welcome.js - 304 Not Modified (0ms)


Started POST "/" for 127.0.0.1 at 2014-05-24 12:05:33 +0530
Processing by WelcomeController#index as HTML
  Parameters: {"utf8"=>"", "authenticity_token"=>"OUFTsvbaJIkqlGnYXVzAQOEBVQCoRNpY3T+UAAgOsiI=", "Script"=>"", "LOB"=>"1", "description"=>"", "commit"=>"Submit"}
  Rendered welcome/index.html.erb within layouts/application (1.2ms)
Completed 200 OK in 5.8ms (Views: 5.5ms | ActiveRecord: 0.0ms)


Started GET "/assets/application.css?body=1" for 127.0.0.1 at 2014-05-24 12:05:33 +0530
Served asset /application.css - 304 Not Modified (8ms)


Started GET "/assets/jquery.js?body=1" for 127.0.0.1 at 2014-05-24 12:05:33 +0530
Served asset /jquery.js - 304 Not Modified (0ms)


Started GET "/assets/welcome.js?body=1" for 127.0.0.1 at 2014-05-24 12:05:33 +0530
Served asset /welcome.js - 304 Not Modified (0ms)


Started GET "/assets/application.js?body=1" for 127.0.0.1 at 2014-05-24 12:05:33 +0530
Served asset /application.js - 304 Not Modified (0ms)


Started GET "/assets/welcome.css?body=1" for 127.0.0.1 at 2014-05-24 12:05:33 +0530
Served asset /welcome.css - 304 Not Modified (0ms)


Started GET "/assets/jquery_ujs.js?body=1" for 127.0.0.1 at 2014-05-24 12:05:33 +0530
Served asset /jquery_ujs.js - 304 Not Modified (0ms)


Started POST "/ezlynx_api" for 127.0.0.1 at 2014-05-24 12:05:37 +0530

ActionController::RoutingError (No route matches [POST] "/ezlynx_api"):
  actionpack (3.2.17) lib/action_dispatch/middleware/debug_exceptions.rb:21:in `call'
  actionpack (3.2.17) lib/action_dispatch/middleware/show_exceptions.rb:56:in `call'
  railties (3.2.17) lib/rails/rack/logger.rb:32:in `call_app'
  railties (3.2.17) lib/rails/rack/logger.rb:16:in `block in call'
  activesupport (3.2.17) lib/active_support/tagged_logging.rb:22:in `tagged'
  railties (3.2.17) lib/rails/rack/logger.rb:16:in `call'
  actionpack (3.2.17) lib/action_dispatch/middleware/request_id.rb:22:in `call'
  rack (1.4.5) lib/rack/methodoverride.rb:21:in `call'
  rack (1.4.5) lib/rack/runtime.rb:17:in `call'
  activesupport (3.2.17) lib/active_support/cache/strategy/local_cache.rb:72:in `call'
  rack (1.4.5) lib/rack/lock.rb:15:in `call'
  actionpack (3.2.17) lib/action_dispatch/middleware/static.rb:63:in `call'
  railties (3.2.17) lib/rails/engine.rb:484:in `call'
  railties (3.2.17) lib/rails/application.rb:231:in `call'
  rack (1.4.5) lib/rack/content_length.rb:14:in `call'
  railties (3.2.17) lib/rails/rack/log_tailer.rb:17:in `call'
  rack (1.4.5) lib/rack/handler/webrick.rb:59:in `service'
  /home/hemanth/.rvm/rubies/ruby-2.0.0-p195/lib/ruby/2.0.0/webrick/httpserver.rb:138:in `service'
  /home/hemanth/.rvm/rubies/ruby-2.0.0-p195/lib/ruby/2.0.0/webrick/httpserver.rb:94:in `run'
  /home/hemanth/.rvm/rubies/ruby-2.0.0-p195/lib/ruby/2.0.0/webrick/server.rb:295:in `block in start_thread'


  Rendered /home/hemanth/.rvm/gems/ruby-2.0.0-p195/gems/actionpack-3.2.17/lib/action_dispatch/middleware/templates/rescues/routing_error.erb within rescues/layout (0.8ms)


Started GET "/assets/application.css?body=1" for 127.0.0.1 at 2014-05-24 12:06:11 +0530
Served asset /application.css - 304 Not Modified (0ms)


Started GET "/assets/jquery.js?body=1" for 127.0.0.1 at 2014-05-24 12:06:11 +0530
Served asset /jquery.js - 304 Not Modified (7ms)


Started GET "/assets/jquery_ujs.js?body=1" for 127.0.0.1 at 2014-05-24 12:06:11 +0530
Served asset /jquery_ujs.js - 304 Not Modified (0ms)


Started GET "/assets/welcome.css?body=1" for 127.0.0.1 at 2014-05-24 12:06:11 +0530
Served asset /welcome.css - 304 Not Modified (0ms)


Started GET "/assets/application.js?body=1" for 127.0.0.1 at 2014-05-24 12:06:11 +0530
Served asset /application.js - 304 Not Modified (1ms)


Started GET "/assets/welcome.js?body=1" for 127.0.0.1 at 2014-05-24 12:06:11 +0530
Served asset /welcome.js - 304 Not Modified (0ms)


Started POST "/ezlynx_api" for 127.0.0.1 at 2014-05-24 12:06:13 +0530

AbstractController::ActionNotFound (The action 'ezlynx_api' could not be found for WelcomeController):
  actionpack (3.2.17) lib/abstract_controller/base.rb:116:in `process'
  actionpack (3.2.17) lib/abstract_controller/rendering.rb:45:in `process'
  actionpack (3.2.17) lib/action_controller/metal.rb:203:in `dispatch'
  actionpack (3.2.17) lib/action_controller/metal/rack_delegation.rb:14:in `dispatch'
  actionpack (3.2.17) lib/action_controller/metal.rb:246:in `block in action'
  actionpack (3.2.17) lib/action_dispatch/routing/route_set.rb:73:in `call'
  actionpack (3.2.17) lib/action_dispatch/routing/route_set.rb:73:in `dispatch'
  actionpack (3.2.17) lib/action_dispatch/routing/route_set.rb:36:in `call'
  journey (1.0.4) lib/journey/router.rb:68:in `block in call'
  journey (1.0.4) lib/journey/router.rb:56:in `each'
  journey (1.0.4) lib/journey/router.rb:56:in `call'
  actionpack (3.2.17) lib/action_dispatch/routing/route_set.rb:608:in `call'
  actionpack (3.2.17) lib/action_dispatch/middleware/best_standards_support.rb:17:in `call'
  rack (1.4.5) lib/rack/etag.rb:23:in `call'
  rack (1.4.5) lib/rack/conditionalget.rb:35:in `call'
  actionpack (3.2.17) lib/action_dispatch/middleware/head.rb:14:in `call'
  actionpack (3.2.17) lib/action_dispatch/middleware/params_parser.rb:21:in `call'
  actionpack (3.2.17) lib/action_dispatch/middleware/flash.rb:242:in `call'
  rack (1.4.5) lib/rack/session/abstract/id.rb:210:in `context'
  rack (1.4.5) lib/rack/session/abstract/id.rb:205:in `call'
  actionpack (3.2.17) lib/action_dispatch/middleware/cookies.rb:341:in `call'
  activerecord (3.2.17) lib/active_record/query_cache.rb:64:in `call'
  activerecord (3.2.17) lib/active_record/connection_adapters/abstract/connection_pool.rb:479:in `call'
  actionpack (3.2.17) lib/action_dispatch/middleware/callbacks.rb:28:in `block in call'
  activesupport (3.2.17) lib/active_support/callbacks.rb:405:in `_run__2174019400080130829__call__935026463596982736__callbacks'
  activesupport (3.2.17) lib/active_support/callbacks.rb:405:in `__run_callback'
  activesupport (3.2.17) lib/active_support/callbacks.rb:385:in `_run_call_callbacks'
  activesupport (3.2.17) lib/active_support/callbacks.rb:81:in `run_callbacks'
  actionpack (3.2.17) lib/action_dispatch/middleware/callbacks.rb:27:in `call'
  actionpack (3.2.17) lib/action_dispatch/middleware/reloader.rb:65:in `call'
  actionpack (3.2.17) lib/action_dispatch/middleware/remote_ip.rb:31:in `call'
  actionpack (3.2.17) lib/action_dispatch/middleware/debug_exceptions.rb:16:in `call'
  actionpack (3.2.17) lib/action_dispatch/middleware/show_exceptions.rb:56:in `call'
  railties (3.2.17) lib/rails/rack/logger.rb:32:in `call_app'
  railties (3.2.17) lib/rails/rack/logger.rb:16:in `block in call'
  activesupport (3.2.17) lib/active_support/tagged_logging.rb:22:in `tagged'
  railties (3.2.17) lib/rails/rack/logger.rb:16:in `call'
  actionpack (3.2.17) lib/action_dispatch/middleware/request_id.rb:22:in `call'
  rack (1.4.5) lib/rack/methodoverride.rb:21:in `call'
  rack (1.4.5) lib/rack/runtime.rb:17:in `call'
  activesupport (3.2.17) lib/active_support/cache/strategy/local_cache.rb:72:in `call'
  rack (1.4.5) lib/rack/lock.rb:15:in `call'
  actionpack (3.2.17) lib/action_dispatch/middleware/static.rb:63:in `call'
  railties (3.2.17) lib/rails/engine.rb:484:in `call'
  railties (3.2.17) lib/rails/application.rb:231:in `call'
  rack (1.4.5) lib/rack/content_length.rb:14:in `call'
  railties (3.2.17) lib/rails/rack/log_tailer.rb:17:in `call'
  rack (1.4.5) lib/rack/handler/webrick.rb:59:in `service'
  /home/hemanth/.rvm/rubies/ruby-2.0.0-p195/lib/ruby/2.0.0/webrick/httpserver.rb:138:in `service'
  /home/hemanth/.rvm/rubies/ruby-2.0.0-p195/lib/ruby/2.0.0/webrick/httpserver.rb:94:in `run'
  /home/hemanth/.rvm/rubies/ruby-2.0.0-p195/lib/ruby/2.0.0/webrick/server.rb:295:in `block in start_thread'


  Rendered /home/hemanth/.rvm/gems/ruby-2.0.0-p195/gems/actionpack-3.2.17/lib/action_dispatch/middleware/templates/rescues/unknown_action.erb within rescues/layout (0.5ms)


Started GET "/assets/welcome.css?body=1" for 127.0.0.1 at 2014-05-24 12:07:00 +0530
Served asset /welcome.css - 304 Not Modified (2ms)


Started GET "/assets/application.css?body=1" for 127.0.0.1 at 2014-05-24 12:07:00 +0530
Served asset /application.css - 304 Not Modified (0ms)


Started GET "/assets/jquery.js?body=1" for 127.0.0.1 at 2014-05-24 12:07:00 +0530
Served asset /jquery.js - 304 Not Modified (0ms)


Started GET "/assets/application.js?body=1" for 127.0.0.1 at 2014-05-24 12:07:00 +0530
Served asset /application.js - 304 Not Modified (1ms)


Started GET "/assets/welcome.js?body=1" for 127.0.0.1 at 2014-05-24 12:07:00 +0530
Served asset /welcome.js - 304 Not Modified (0ms)


Started GET "/assets/jquery_ujs.js?body=1" for 127.0.0.1 at 2014-05-24 12:07:00 +0530
Served asset /jquery_ujs.js - 304 Not Modified (0ms)


Started POST "/ezlynx_api" for 127.0.0.1 at 2014-05-24 12:07:08 +0530
Processing by WelcomeController#ezlynx_api as HTML
  Parameters: {"utf8"=>"", "authenticity_token"=>"OUFTsvbaJIkqlGnYXVzAQOEBVQCoRNpY3T+UAAgOsiI=", "Script"=>"abc", "LOB"=>"1", "description"=>"cheta", "commit"=>"Submit"}
  Rendered text template (0.0ms)
Completed 200 OK in 33.4ms (Views: 33.1ms | ActiveRecord: 0.0ms)


Started GET "/assets/application.css?body=1" for 127.0.0.1 at 2014-05-24 12:07:14 +0530
Served asset /application.css - 304 Not Modified (7ms)


Started GET "/assets/welcome.js?body=1" for 127.0.0.1 at 2014-05-24 12:07:14 +0530
Served asset /welcome.js - 304 Not Modified (0ms)


Started GET "/assets/welcome.css?body=1" for 127.0.0.1 at 2014-05-24 12:07:14 +0530
Served asset /welcome.css - 304 Not Modified (0ms)


Started GET "/assets/application.js?body=1" for 127.0.0.1 at 2014-05-24 12:07:14 +0530
Served asset /application.js - 304 Not Modified (1ms)


Started GET "/assets/jquery.js?body=1" for 127.0.0.1 at 2014-05-24 12:07:14 +0530
Served asset /jquery.js - 304 Not Modified (0ms)


Started GET "/assets/jquery_ujs.js?body=1" for 127.0.0.1 at 2014-05-24 12:07:14 +0530
Served asset /jquery_ujs.js - 304 Not Modified (0ms)


Started POST "/" for 127.0.0.1 at 2014-05-24 12:07:40 +0530
Processing by WelcomeController#index as HTML
  Parameters: {"utf8"=>"", "authenticity_token"=>"OUFTsvbaJIkqlGnYXVzAQOEBVQCoRNpY3T+UAAgOsiI=", "Script"=>"", "LOB"=>"1", "description"=>"", "commit"=>"Submit"}
  Rendered welcome/index.html.erb within layouts/application (0.5ms)
Completed 200 OK in 4.1ms (Views: 3.8ms | ActiveRecord: 0.0ms)


Started GET "/assets/welcome.css?body=1" for 127.0.0.1 at 2014-05-24 12:07:40 +0530
Served asset /welcome.css - 304 Not Modified (4ms)


Started GET "/assets/jquery_ujs.js?body=1" for 127.0.0.1 at 2014-05-24 12:07:40 +0530
Served asset /jquery_ujs.js - 304 Not Modified (0ms)


Started GET "/assets/application.css?body=1" for 127.0.0.1 at 2014-05-24 12:07:40 +0530
Served asset /application.css - 304 Not Modified (0ms)


Started GET "/assets/application.js?body=1" for 127.0.0.1 at 2014-05-24 12:07:40 +0530
Served asset /application.js - 304 Not Modified (1ms)


Started GET "/assets/welcome.js?body=1" for 127.0.0.1 at 2014-05-24 12:07:40 +0530
Served asset /welcome.js - 304 Not Modified (0ms)


Started GET "/assets/jquery.js?body=1" for 127.0.0.1 at 2014-05-24 12:07:40 +0530
Served asset /jquery.js - 304 Not Modified (0ms)


Started POST "/ezlynx_api" for 127.0.0.1 at 2014-05-24 12:07:41 +0530
Processing by WelcomeController#ezlynx_api as HTML
  Parameters: {"utf8"=>"", "authenticity_token"=>"OUFTsvbaJIkqlGnYXVzAQOEBVQCoRNpY3T+UAAgOsiI=", "Script"=>"", "LOB"=>"1", "description"=>"", "commit"=>"Submit"}
  Rendered text template (0.0ms)
Completed 200 OK in 0.9ms (Views: 0.4ms | ActiveRecord: 0.0ms)


Started GET "/assets/welcome.css?body=1" for 127.0.0.1 at 2014-05-24 12:07:43 +0530
Served asset /welcome.css - 304 Not Modified (0ms)


Started GET "/assets/application.css?body=1" for 127.0.0.1 at 2014-05-24 12:07:43 +0530
Served asset /application.css - 304 Not Modified (0ms)


Started GET "/assets/jquery_ujs.js?body=1" for 127.0.0.1 at 2014-05-24 12:07:43 +0530
Served asset /jquery_ujs.js - 304 Not Modified (0ms)


Started GET "/assets/jquery.js?body=1" for 127.0.0.1 at 2014-05-24 12:07:43 +0530
Served asset /jquery.js - 304 Not Modified (0ms)


Started GET "/assets/welcome.js?body=1" for 127.0.0.1 at 2014-05-24 12:07:43 +0530
Served asset /welcome.js - 304 Not Modified (0ms)


Started GET "/assets/application.js?body=1" for 127.0.0.1 at 2014-05-24 12:07:43 +0530
Served asset /application.js - 304 Not Modified (1ms)


Started POST "/ezlynx_api" for 127.0.0.1 at 2014-05-24 12:08:40 +0530
Processing by WelcomeController#ezlynx_api as HTML
  Parameters: {"utf8"=>"", "authenticity_token"=>"OUFTsvbaJIkqlGnYXVzAQOEBVQCoRNpY3T+UAAgOsiI=", "Script"=>"aaa", "LOB"=>"1", "description"=>"aaaa", "attachment"=>#<ActionDispatch::Http::UploadedFile:0x007fbc40bfd2a0 @original_filename="newrelic.yml", @content_type="application/x-yaml", @headers="Content-Disposition: form-data; name=\"attachment\"; filename=\"newrelic.yml\"\r\nContent-Type: application/x-yaml\r\n", @tempfile=#<Tempfile:/tmp/RackMultipart20140524-11553-1alhfed>>, "commit"=>"Submit"}
  Rendered text template (0.0ms)
Completed 200 OK in 0.4ms (Views: 0.3ms | ActiveRecord: 0.0ms)
